<?xml version="1.0" encoding="UTF-8"?>
<!-- Generated by org.testng.reporters.JUnitReportReporter -->
<testsuite hostname="DESKTOP-OS9T7E3" failures="0" tests="1" name="SOF304_ASM2.AppTest" time="0.003" errors="0" timestamp="2022-04-09T00:15:01 ICT" skipped="0">
  <testcase classname="SOF304_ASM2.AppTest" name="shouldAnswerWithTrue" time="0.003"/>
  <system-out/>
</testsuite> <!-- SOF304_ASM2.AppTest -->
