<?xml version="1.0" encoding="UTF-8"?>
<!-- Generated by org.testng.reporters.JUnitReportReporter -->
<testsuite hostname="DESKTOP-532K53F" failures="0" tests="1" name="KiemTraThu.TC_1" time="13.654" errors="0" timestamp="2022-04-15T08:48:29 ICT" skipped="0">
  <testcase classname="KiemTraThu.TC_1" name="f" time="13.654"/>
  <system-out/>
</testsuite> <!-- KiemTraThu.TC_1 -->
