<?xml version="1.0" encoding="UTF-8"?>
<!-- Generated by org.testng.reporters.JUnitReportReporter -->
<testsuite hostname="DESKTOP-532K53F" failures="0" tests="1" name="pass2.TC1" time="2.620" errors="0" timestamp="2022-04-16T21:49:05 ICT" skipped="0">
  <testcase classname="pass2.TC1" name="p1" time="2.620"/>
  <system-out/>
</testsuite> <!-- pass2.TC1 -->
