<?xml version="1.0" encoding="UTF-8"?>
<!-- Generated by org.testng.reporters.JUnitReportReporter -->
<testsuite hostname="DESKTOP-532K53F" failures="0" tests="5" name="KiemTraThu.TC2" time="30.200" errors="0" timestamp="2022-04-15T08:19:46 ICT" skipped="0">
  <testcase classname="KiemTraThu.TC2" name="f" time="5.641"/>
  <system-out/>
  <testcase classname="KiemTraThu.TC2" name="f" time="6.529"/>
  <system-out/>
  <testcase classname="KiemTraThu.TC2" name="f" time="5.897"/>
  <system-out/>
  <testcase classname="KiemTraThu.TC2" name="f" time="6.502"/>
  <system-out/>
  <testcase classname="KiemTraThu.TC2" name="f" time="5.631"/>
  <system-out/>
</testsuite> <!-- KiemTraThu.TC2 -->
