<?xml version="1.0" encoding="UTF-8"?>
<!-- Generated by org.testng.reporters.JUnitReportReporter -->
<testsuite hostname="DESKTOP-532K53F" failures="0" tests="4" name="demo71.Bai4" time="7.498" errors="0" timestamp="2022-04-06T10:22:31 ICT" skipped="0">
  <testcase classname="demo71.Bai4" name="Test1" time="0.034"/>
  <system-out/>
  <testcase classname="demo71.Bai4" name="Test2" time="0.091"/>
  <system-out/>
  <testcase classname="demo71.Bai4" name="Test4" time="3.551"/>
  <system-out/>
  <testcase classname="demo71.Bai4" name="Test3" time="3.822"/>
  <system-out/>
</testsuite> <!-- demo71.Bai4 -->
