<?xml version="1.0" encoding="UTF-8"?>
<!-- Generated by org.testng.reporters.JUnitReportReporter -->
<testsuite hostname="DESKTOP-532K53F" failures="0" tests="2" name="demo71.TestClass3" time="0.006" errors="0" timestamp="2022-04-06T02:11:37 ICT" skipped="0">
  <testcase classname="demo71.TestClass3" name="d2" time="0.003"/>
  <system-out/>
  <testcase classname="demo71.TestClass3" name="d1" time="0.003"/>
  <system-out/>
</testsuite> <!-- demo71.TestClass3 -->
