<?xml version="1.0" encoding="UTF-8"?>
<!-- Generated by org.testng.reporters.JUnitReportReporter -->
<testsuite hostname="DESKTOP-532K53F" failures="0" tests="1" name="Bai4_1" time="5.079" errors="0" timestamp="2022-04-06T10:37:25 ICT" skipped="0">
  <testcase classname="Bai4_1" name="Test3" time="5.079"/>
  <system-out/>
</testsuite> <!-- Bai4_1 -->
