<?xml version="1.0" encoding="UTF-8"?>
<!-- Generated by org.testng.reporters.JUnitReportReporter -->
<testsuite hostname="DESKTOP-532K53F" failures="0" tests="3" name="NangCao.Bai4_2" time="7.966" errors="0" timestamp="2022-04-06T10:48:26 ICT" skipped="0">
  <testcase classname="NangCao.Bai4_2" name="Test3" time="7.835"/>
  <system-out/>
  <testcase classname="NangCao.Bai4_2" name="Test1" time="0.035"/>
  <system-out/>
  <testcase classname="NangCao.Bai4_2" name="Test2" time="0.096"/>
  <system-out/>
</testsuite> <!-- NangCao.Bai4_2 -->
