<?xml version="1.0" encoding="UTF-8"?>
<!-- Generated by org.testng.reporters.JUnitReportReporter -->
<testsuite hostname="DESKTOP-532K53F" failures="0" tests="3" name="NangCao.Bai4_1" time="5.637" errors="0" timestamp="2022-04-06T10:48:26 ICT" skipped="0">
  <testcase classname="NangCao.Bai4_1" name="Test2" time="0.111"/>
  <system-out/>
  <testcase classname="NangCao.Bai4_1" name="Test1" time="0.050"/>
  <system-out/>
  <testcase classname="NangCao.Bai4_1" name="Test3" time="5.476"/>
  <system-out/>
</testsuite> <!-- NangCao.Bai4_1 -->
