<?xml version="1.0" encoding="UTF-8"?>
<!-- Generated by org.testng.reporters.JUnitReportReporter -->
<testsuite hostname="Hnqs-MacBook-Pro.local" failures="0" tests="3" name="demo71.Test711" time="0.014" errors="0" timestamp="2022-04-04T10:14:34 ICT" skipped="0">
  <testcase classname="demo71.Test711" name="fun1" time="0.010"/>
  <system-out/>
  <testcase classname="demo71.Test711" name="fun3" time="0.002"/>
  <system-out/>
  <testcase classname="demo71.Test711" name="fun2" time="0.002"/>
  <system-out/>
</testsuite> <!-- demo71.Test711 -->
