<?xml version="1.0" encoding="UTF-8"?>
<!-- Generated by org.testng.reporters.JUnitReportReporter -->
<testsuite hostname="Hnqs-MacBook-Pro.local" failures="0" tests="1" name="demo72.Demo721" time="11.674" errors="0" timestamp="2022-04-04T10:51:35 ICT" skipped="0">
  <testcase classname="demo72.Demo721" name="testcase51" time="11.674"/>
  <system-out/>
</testsuite> <!-- demo72.Demo721 -->
