<?xml version="1.0" encoding="UTF-8"?>
<!-- Generated by org.testng.reporters.JUnitReportReporter -->
<testsuite hostname="Hnqs-MacBook-Pro.local" failures="0" tests="2" name="demo71.Test713" time="0.003" errors="0" timestamp="2022-04-04T10:14:34 ICT" skipped="0">
  <testcase classname="demo71.Test713" name="fun7" time="0.002"/>
  <system-out/>
  <testcase classname="demo71.Test713" name="fun6" time="0.001"/>
  <system-out/>
</testsuite> <!-- demo71.Test713 -->
