<?xml version="1.0" encoding="UTF-8"?>
<!-- Generated by org.testng.reporters.JUnitReportReporter -->
<testsuite hostname="DESKTOP-532K53F" failures="0" tests="1" name="demo71.TestClass4" time="0.004" errors="0" timestamp="2022-04-06T02:11:37 ICT" skipped="0">
  <testcase classname="demo71.TestClass4" name="e2" time="0.004"/>
  <system-out>
    <![CDATA[Method name is e2]]>
  </system-out>
</testsuite> <!-- demo71.TestClass4 -->
