<?xml version="1.0" encoding="UTF-8"?>
<!-- Generated by org.testng.reporters.JUnitReportReporter -->
<testsuite hostname="DESKTOP-532K53F" failures="0" tests="4" name="demo71.Test714" time="8.352" errors="0" timestamp="2022-04-06T00:56:22 ICT" skipped="0">
  <testcase classname="demo71.Test714" name="Test3" time="5.244"/>
  <system-out/>
  <testcase classname="demo71.Test714" name="Test1" time="0.040"/>
  <system-out/>
  <testcase classname="demo71.Test714" name="Test2" time="0.107"/>
  <system-out/>
  <testcase classname="demo71.Test714" name="Test4" time="2.961"/>
  <system-out/>
</testsuite> <!-- demo71.Test714 -->
