<?xml version="1.0" encoding="UTF-8"?>
<!-- Generated by org.testng.reporters.JUnitReportReporter -->
<testsuite hostname="tholv" failures="0" tests="4" name="demo71.Test712" time="0.013" errors="0" timestamp="2022-04-05T12:47:41 EDT" skipped="0">
  <testcase classname="demo71.Test712" name="fun4" time="0.009"/>
  <system-out/>
  <testcase classname="demo71.Test712" name="fun5" time="0.002"/>
  <system-out/>
  <testcase classname="demo71.Test712" name="fun7" time="0.001"/>
  <system-out/>
  <testcase classname="demo71.Test712" name="fun6" time="0.001"/>
  <system-out/>
</testsuite> <!-- demo71.Test712 -->
