<?xml version="1.0" encoding="UTF-8"?>
<!-- Generated by org.testng.reporters.JUnitReportReporter -->
<testsuite hostname="Hnqs-MacBook-Pro.local" failures="0" tests="1" name="demo73.Demo731" time="7.037" errors="0" timestamp="2022-04-04T11:12:37 ICT" skipped="0">
  <testcase classname="demo73.Demo731" name="testcase52" time="7.037"/>
  <system-out/>
</testsuite> <!-- demo73.Demo731 -->
