<?xml version="1.0" encoding="UTF-8"?>
<!-- Generated by org.testng.reporters.JUnitReportReporter -->
<testsuite hostname="DESKTOP-532K53F" failures="0" tests="1" name="SOF304_Bai6.kiemTraTieuDeMethod" time="6.948" errors="0" timestamp="2022-03-31T22:29:08 ICT" skipped="0">
  <testcase classname="SOF304_Bai6.kiemTraTieuDeMethod" name="kiemTraTieuDeMeThod" time="6.948"/>
  <system-out/>
</testsuite> <!-- SOF304_Bai6.kiemTraTieuDeMethod -->
