<?xml version="1.0" encoding="UTF-8"?>
<!-- Generated by org.testng.reporters.JUnitReportReporter -->
<testsuite hostname="DESKTOP-532K53F" failures="0" tests="2" name="Lab6.anonotation" time="0.030" errors="0" timestamp="2022-04-01T08:01:48 ICT" skipped="0">
  <testcase classname="Lab6.anonotation" name="unitLevel1" time="0.020"/>
  <system-out/>
  <testcase classname="Lab6.anonotation" name="unitLevel2" time="0.010"/>
  <system-out/>
</testsuite> <!-- Lab6.anonotation -->
