<?xml version="1.0" encoding="UTF-8"?>
<!-- Generated by org.testng.reporters.JUnitReportReporter -->
<testsuite hostname="DESKTOP-532K53F" failures="0" tests="1" name="SOF304_Bai6.kiemTraTieuDeVoiAnotion" time="1.074" errors="0" timestamp="2022-03-31T22:35:44 ICT" skipped="0">
  <testcase classname="SOF304_Bai6.kiemTraTieuDeVoiAnotion" name="kiemTraTieuDeAPVoiAnotion" time="1.074"/>
  <system-out/>
</testsuite> <!-- SOF304_Bai6.kiemTraTieuDeVoiAnotion -->
