<?xml version="1.0" encoding="UTF-8"?>
<!-- Generated by org.testng.reporters.JUnitReportReporter -->
<testsuite hostname="DESKTOP-532K53F" failures="0" tests="1" name="Lab6.Lab6_3_lms" time="11.988" errors="0" timestamp="2022-04-01T08:51:19 ICT" skipped="0">
  <testcase classname="Lab6.Lab6_3_lms" name="testTieuDe" time="11.988"/>
  <system-out/>
</testsuite> <!-- Lab6.Lab6_3_lms -->
