<?xml version="1.0" encoding="UTF-8"?>
<!-- Generated by org.testng.reporters.JUnitReportReporter -->
<testsuite hostname="DESKTOP-532K53F" failures="0" tests="3" name="Lab6.testPriority" time="0.045" errors="0" timestamp="2022-04-01T08:58:26 ICT" skipped="0">
  <testcase classname="Lab6.testPriority" name="registerAccount" time="0.039"/>
  <system-out/>
  <testcase classname="Lab6.testPriority" name="login" time="0.003"/>
  <system-out/>
  <testcase classname="Lab6.testPriority" name="sendEmail" time="0.003"/>
  <system-out/>
</testsuite> <!-- Lab6.testPriority -->
