<?xml version="1.0" encoding="UTF-8"?>
<!-- Generated by org.testng.reporters.JUnitReportReporter -->
<testsuite hostname="DESKTOP-532K53F" failures="0" tests="2" name="SOF304_Bai6.kiemTraTieuDeMethod" time="0.020" errors="0" timestamp="2022-04-01T07:44:26 ICT" skipped="0">
  <testcase classname="SOF304_Bai6.kiemTraTieuDeMethod" name="unitLevel1" time="0.017"/>
  <system-out/>
  <testcase classname="SOF304_Bai6.kiemTraTieuDeMethod" name="unitLevel2" time="0.003"/>
  <system-out/>
</testsuite> <!-- SOF304_Bai6.kiemTraTieuDeMethod -->
