<?xml version="1.0" encoding="UTF-8"?>
<!-- Generated by org.testng.reporters.JUnitReportReporter -->
<testsuite hostname="DESKTOP-532K53F" failures="0" tests="1" name="SOF304_Bai6.kiemTraTieuDe" time="7.071" errors="0" timestamp="2022-03-31T22:26:26 ICT" skipped="0">
  <testcase classname="SOF304_Bai6.kiemTraTieuDe" name="kiemTraTieuDeAP" time="7.071"/>
  <system-out/>
</testsuite> <!-- SOF304_Bai6.kiemTraTieuDe -->
