<?xml version="1.0" encoding="UTF-8"?>
<!-- Generated by org.testng.reporters.JUnitReportReporter -->
<testsuite hostname="DESKTOP-532K53F" failures="0" tests="3" name="Lab6.lab6_3" time="0.885" errors="0" timestamp="2022-04-01T08:51:57 ICT" skipped="0">
  <testcase classname="Lab6.lab6_3" name="kiemTraLoginDungChaoMung" time="0.760"/>
  <system-out/>
  <testcase classname="Lab6.lab6_3" name="kiemTraLoginDungTieuDe" time="0.106"/>
  <system-out/>
  <testcase classname="Lab6.lab6_3" name="kiemTraLogionDungTrang" time="0.019"/>
  <system-out/>
</testsuite> <!-- Lab6.lab6_3 -->
