<?xml version="1.0" encoding="UTF-8"?>
<!-- Generated by org.testng.reporters.JUnitReportReporter -->
<testsuite hostname="DESKTOP-532K53F" failures="0" tests="1" name="Lab6.firsttestngfile" time="0.738" errors="0" timestamp="2022-04-01T07:35:53 ICT" skipped="0">
  <testcase classname="Lab6.firsttestngfile" name="kiemTraTieuDeAPVoiAnotion" time="0.738"/>
  <system-out/>
</testsuite> <!-- Lab6.firsttestngfile -->
