<?xml version="1.0" encoding="UTF-8"?>
<!-- Generated by org.testng.reporters.JUnitReportReporter -->
<testsuite hostname="DESKTOP-532K53F" failures="0" tests="3" name="SOF304_Bai6.DataProvider" time="16.418" errors="0" timestamp="2022-03-31T23:04:09 ICT" skipped="0">
  <testcase classname="SOF304_Bai6.DataProvider" name="kiemTraTieuDeCacTrangWeb2" time="1.034"/>
  <system-out/>
  <testcase classname="SOF304_Bai6.DataProvider" name="kiemTraTieuDeCacTrangWeb2" time="14.552"/>
  <system-out/>
  <testcase classname="SOF304_Bai6.DataProvider" name="kiemTraTieuDeCacTrangWeb2" time="0.832"/>
  <system-out/>
</testsuite> <!-- SOF304_Bai6.DataProvider -->
