<?xml version="1.0" encoding="UTF-8"?>
<!-- Generated by org.testng.reporters.JUnitReportReporter -->
<testsuite hostname="DESKTOP-532K53F" failures="0" tests="1" name="SOF304_Bai6.kiemThuTieuDeVoiParemeter2" time="0.997" errors="0" timestamp="2022-03-31T22:53:14 ICT" skipped="0">
  <testcase classname="SOF304_Bai6.kiemThuTieuDeVoiParemeter2" name="kiemTraTieuDeTrangWeb" time="0.997"/>
  <system-out/>
</testsuite> <!-- SOF304_Bai6.kiemThuTieuDeVoiParemeter2 -->
