<?xml version="1.0" encoding="UTF-8"?>
<!-- Generated by org.testng.reporters.JUnitReportReporter -->
<testsuite hostname="DESKTOP-532K53F" failures="0" tests="3" name="DemoTestNG.chuViTest" time="0.009" errors="0" timestamp="2022-03-25T09:03:27 ICT" skipped="0">
  <testcase classname="DemoTestNG.chuViTest" name="tinhChuViTest" time="0.008"/>
  <system-out/>
  <testcase classname="DemoTestNG.chuViTest" name="tinhChuViTest3" time="0.001"/>
  <system-out/>
  <testcase classname="DemoTestNG.chuViTest" name="tinhChuViTest2" time="0.000"/>
  <system-out/>
</testsuite> <!-- DemoTestNG.chuViTest -->
