<?xml version="1.0" encoding="UTF-8"?>
<!-- Generated by org.testng.reporters.JUnitReportReporter -->
<testsuite hostname="DESKTOP-OS9T7E3" failures="0" tests="1" name="DemoTestNG.Lab5_1Test" time="5.194" errors="0" timestamp="2022-03-24T23:49:36 ICT" skipped="0">
  <testcase classname="DemoTestNG.Lab5_1Test" name="loginFacebook" time="5.194"/>
  <system-out/>
</testsuite> <!-- DemoTestNG.Lab5_1Test -->
