<?xml version="1.0" encoding="UTF-8"?>
<!-- Generated by org.testng.reporters.JUnitReportReporter -->
<testsuite hostname="DESKTOP-532K53F" failures="0" tests="1" name="DemoTestNG.Lab5_1Test" time="2.432" errors="0" timestamp="2022-03-25T09:03:27 ICT" skipped="0">
  <testcase classname="DemoTestNG.Lab5_1Test" name="timKiemLMSFpoly" time="2.432"/>
  <system-out/>
</testsuite> <!-- DemoTestNG.Lab5_1Test -->
