<?xml version="1.0" encoding="UTF-8"?>
<!-- Generated by org.testng.reporters.JUnitReportReporter -->
<testsuite hostname="DESKTOP-OS9T7E3" failures="0" tests="21" name="DemoTestNG.Lab4Test" time="0.030" errors="0" timestamp="2022-03-28T15:57:06 ICT" skipped="0">
  <testcase classname="DemoTestNG.Lab4Test" name="getVatOnAmountTestLonHon32" time="0.001"/>
  <system-out/>
  <testcase classname="DemoTestNG.Lab4Test" name="getVatOnAmountTestNhoHon52" time="0.001"/>
  <system-out/>
  <testcase classname="DemoTestNG.Lab4Test" name="getVatOnAmountTestBang80" time="0.001"/>
  <system-out/>
  <testcase classname="DemoTestNG.Lab4Test" name="getVatOnAmountTestNhoHon32" time="0.001"/>
  <system-out/>
  <testcase classname="DemoTestNG.Lab4Test" name="getVatOnAmountTestBang18" time="0.001"/>
  <system-out/>
  <testcase classname="DemoTestNG.Lab4Test" name="getVatOnAmountTestNhoHon10" time="0.001"/>
  <system-out/>
  <testcase classname="DemoTestNG.Lab4Test" name="getVatOnAmountTestBang0" time="0.011"/>
  <system-out/>
  <testcase classname="DemoTestNG.Lab4Test" name="getVatOnAmountTestNhoHon0" time="0.000"/>
  <system-out/>
  <testcase classname="DemoTestNG.Lab4Test" name="getVatOnAmountTestNhoHon5" time="0.001"/>
  <system-out/>
  <testcase classname="DemoTestNG.Lab4Test" name="getVatOnAmountTestBang5" time="0.001"/>
  <system-out/>
  <testcase classname="DemoTestNG.Lab4Test" name="getVatOnAmountTestNhoHon80" time="0.001"/>
  <system-out/>
  <testcase classname="DemoTestNG.Lab4Test" name="getVatOnAmountTestLonHon10" time="0.001"/>
  <system-out/>
  <testcase classname="DemoTestNG.Lab4Test" name="getVatOnAmountTestBang10" time="0.001"/>
  <system-out/>
  <testcase classname="DemoTestNG.Lab4Test" name="getVatOnAmountTestBang52" time="0.001"/>
  <system-out/>
  <testcase classname="DemoTestNG.Lab4Test" name="getVatOnAmountTestLonHon80" time="0.001"/>
  <system-out/>
  <testcase classname="DemoTestNG.Lab4Test" name="getVatOnAmountTestBang32" time="0.001"/>
  <system-out/>
  <testcase classname="DemoTestNG.Lab4Test" name="getVatOnAmountTestNhoHon18" time="0.001"/>
  <system-out/>
  <testcase classname="DemoTestNG.Lab4Test" name="getVatOnAmountTestLonHon52" time="0.001"/>
  <system-out/>
  <testcase classname="DemoTestNG.Lab4Test" name="getVatOnAmountTestLonHon0" time="0.001"/>
  <system-out/>
  <testcase classname="DemoTestNG.Lab4Test" name="getVatOnAmountTestLonHon5" time="0.001"/>
  <system-out/>
  <testcase classname="DemoTestNG.Lab4Test" name="getVatOnAmountTestLonHon18" time="0.001"/>
  <system-out/>
</testsuite> <!-- DemoTestNG.Lab4Test -->
