<?xml version="1.0" encoding="UTF-8"?>
<!-- Generated by org.testng.reporters.JUnitReportReporter -->
<testsuite hostname="DESKTOP-OS9T7E3" failures="0" tests="1" name="DemoTestNG.Lab4Test" time="0.008" errors="0" timestamp="2022-03-24T17:55:43 ICT" skipped="0">
  <testcase classname="DemoTestNG.Lab4Test" name="getVatOnAmountTest" time="0.008"/>
  <system-out/>
</testsuite> <!-- DemoTestNG.Lab4Test -->
