<?xml version="1.0" encoding="UTF-8"?>
<!-- Generated by org.testng.reporters.JUnitReportReporter -->
<testsuite hostname="DESKTOP-OS9T7E3" failures="0" tests="3" name="DemoTestNG.Lab5_1Test" time="83.177" errors="0" timestamp="2022-03-28T15:57:06 ICT" skipped="0">
  <testcase classname="DemoTestNG.Lab5_1Test" name="timKiemCMSFpoly" time="40.859"/>
  <system-out/>
  <testcase classname="DemoTestNG.Lab5_1Test" name="timKiemLMSFpoly" time="9.751"/>
  <system-out/>
  <testcase classname="DemoTestNG.Lab5_1Test" name="timKiemAPFpoly" time="32.567"/>
  <system-out/>
</testsuite> <!-- DemoTestNG.Lab5_1Test -->
