<?xml version="1.0" encoding="UTF-8"?>
<!-- Generated by org.testng.reporters.JUnitReportReporter -->
<testsuite hostname="DESKTOP-532K53F" failures="0" tests="3" name="DemoTestNG.Lab5_1Test" time="14.569" errors="0" timestamp="2022-03-29T03:13:45 ICT" skipped="0">
  <testcase classname="DemoTestNG.Lab5_1Test" name="timKiemCMSFpoly" time="8.601"/>
  <system-out/>
  <testcase classname="DemoTestNG.Lab5_1Test" name="timKiemAPFpoly" time="4.499"/>
  <system-out/>
  <testcase classname="DemoTestNG.Lab5_1Test" name="timKiemLMSFpoly" time="1.469"/>
  <system-out/>
</testsuite> <!-- DemoTestNG.Lab5_1Test -->
