<?xml version="1.0" encoding="UTF-8"?>
<!-- Generated by org.testng.reporters.JUnitReportReporter -->
<testsuite hostname="DESKTOP-OS9T7E3" failures="0" tests="1" name="DemoTestNG.ParametersTest" time="3.001" errors="0" timestamp="2022-03-28T12:40:39 ICT" skipped="0">
  <testcase classname="DemoTestNG.ParametersTest" name="test" time="3.001"/>
  <system-out/>
</testsuite> <!-- DemoTestNG.ParametersTest -->
