<?xml version="1.0" encoding="UTF-8"?>
<!-- Generated by org.testng.reporters.JUnitReportReporter -->
<testsuite hostname="DESKTOP-532K53F" failures="0" tests="1" name="DemoTestNG.Lab4Test" time="0.001" errors="0" timestamp="2022-03-25T09:03:27 ICT" skipped="0">
  <testcase classname="DemoTestNG.Lab4Test" name="getVatOnAmountTest" time="0.001"/>
  <system-out/>
</testsuite> <!-- DemoTestNG.Lab4Test -->
