<?xml version="1.0" encoding="UTF-8"?>
<!-- Generated by org.testng.reporters.JUnitReportReporter -->
<testsuite hostname="DESKTOP-OS9T7E3" failures="0" tests="12" name="SOF304_ASM2_2.kyThuaGiaTriBien" time="34.322" errors="0" timestamp="2022-04-07T11:29:38 ICT" skipped="0">
  <testcase classname="SOF304_ASM2_2.kyThuaGiaTriBien" name="f3" time="2.898"/>
  <system-out/>
  <testcase classname="SOF304_ASM2_2.kyThuaGiaTriBien" name="f" time="4.431"/>
  <system-out/>
  <testcase classname="SOF304_ASM2_2.kyThuaGiaTriBien" name="kiemTraTieuDeCacTrangWeb2" time="2.720"/>
  <system-out/>
  <testcase classname="SOF304_ASM2_2.kyThuaGiaTriBien" name="kiemTraTieuDeCacTrangWeb2" time="2.795"/>
  <system-out/>
  <testcase classname="SOF304_ASM2_2.kyThuaGiaTriBien" name="kiemTraTieuDeCacTrangWeb2" time="2.822"/>
  <system-out/>
  <testcase classname="SOF304_ASM2_2.kyThuaGiaTriBien" name="kiemTraTieuDeCacTrangWeb2" time="1.912"/>
  <system-out/>
  <testcase classname="SOF304_ASM2_2.kyThuaGiaTriBien" name="f4" time="2.876"/>
  <system-out/>
  <testcase classname="SOF304_ASM2_2.kyThuaGiaTriBien" name="f2" time="2.824"/>
  <system-out/>
  <testcase classname="SOF304_ASM2_2.kyThuaGiaTriBien" name="f6" time="2.755"/>
  <system-out/>
  <testcase classname="SOF304_ASM2_2.kyThuaGiaTriBien" name="kiemTraTieuDeCacTrangWeb2" time="2.769"/>
  <system-out/>
  <testcase classname="SOF304_ASM2_2.kyThuaGiaTriBien" name="f5" time="2.770"/>
  <system-out/>
  <testcase classname="SOF304_ASM2_2.kyThuaGiaTriBien" name="kiemTraTieuDeCacTrangWeb2" time="2.750"/>
  <system-out/>
</testsuite> <!-- SOF304_ASM2_2.kyThuaGiaTriBien -->
