<?xml version="1.0" encoding="UTF-8"?>
<!-- Generated by org.testng.reporters.JUnitReportReporter -->
<testsuite hostname="DESKTOP-532K53F" failures="0" tests="6" name="SOF304_ASM2.TC2_Hieubqph13812" time="32.695" errors="0" timestamp="2022-04-06T10:02:26 ICT" skipped="0">
  <testcase classname="SOF304_ASM2.TC2_Hieubqph13812" name="kiemTraTieuDeCacTrangWeb2" time="7.327"/>
  <system-out/>
  <testcase classname="SOF304_ASM2.TC2_Hieubqph13812" name="kiemTraTieuDeCacTrangWeb2" time="4.928"/>
  <system-out/>
  <testcase classname="SOF304_ASM2.TC2_Hieubqph13812" name="kiemTraTieuDeCacTrangWeb2" time="5.194"/>
  <system-out/>
  <testcase classname="SOF304_ASM2.TC2_Hieubqph13812" name="kiemTraTieuDeCacTrangWeb2" time="5.041"/>
  <system-out/>
  <testcase classname="SOF304_ASM2.TC2_Hieubqph13812" name="kiemTraTieuDeCacTrangWeb2" time="5.228"/>
  <system-out/>
  <testcase classname="SOF304_ASM2.TC2_Hieubqph13812" name="kiemTraTieuDeCacTrangWeb2" time="4.977"/>
  <system-out/>
</testsuite> <!-- SOF304_ASM2.TC2_Hieubqph13812 -->
