<?xml version="1.0" encoding="UTF-8"?>
<!-- Generated by org.testng.reporters.JUnitReportReporter -->
<testsuite hostname="DESKTOP-OS9T7E3" failures="0" tests="1" name="SOF304_ASM2_2.TC2_PH13812" time="12.720" errors="0" timestamp="2022-04-07T10:10:21 ICT" skipped="0">
  <testcase classname="SOF304_ASM2_2.TC2_PH13812" name="f" time="12.720"/>
  <system-out/>
</testsuite> <!-- SOF304_ASM2_2.TC2_PH13812 -->
