<?xml version="1.0" encoding="UTF-8"?>
<!-- Generated by org.testng.reporters.JUnitReportReporter -->
<testsuite hostname="DESKTOP-532K53F" failures="0" tests="1" name="SOF304_ASM2_2.NiemJava4" time="1.203" errors="0" timestamp="2022-04-13T22:07:37 ICT" skipped="0">
  <testcase classname="SOF304_ASM2_2.NiemJava4" name="f" time="1.203"/>
  <system-out/>
</testsuite> <!-- SOF304_ASM2_2.NiemJava4 -->
