<?xml version="1.0" encoding="UTF-8"?>
<!-- Generated by org.testng.reporters.JUnitReportReporter -->
<testsuite hostname="DESKTOP-532K53F" failures="0" tests="1" name="SOF304_ASM2.TC1_Hieubqph13812" time="6.641" errors="0" timestamp="2022-04-06T08:56:47 ICT" skipped="0">
  <testcase classname="SOF304_ASM2.TC1_Hieubqph13812" name="f" time="6.641"/>
  <system-out/>
</testsuite> <!-- SOF304_ASM2.TC1_Hieubqph13812 -->
